This is XeTeX, Version 3.14159265-2.6-0.999991 (TeX Live 2019) (preloaded format=xelatex 2019.10.24)  31 DEC 2019 16:51
entering extended mode
 restricted \write18 enabled.
 file:line:error style messages enabled.
 %&-line parsing enabled.
**19-12-30.tex
(./19-12-30.tex
LaTeX2e <2019-10-01> patch level 1
(/usr/local/texlive/2019/texmf-dist/tex/latex/base/article.cls
Document Class: article 2019/08/27 v1.4j Standard LaTeX document class
(/usr/local/texlive/2019/texmf-dist/tex/latex/base/size10.clo
File: size10.clo 2019/08/27 v1.4j Standard LaTeX file (size option)
)
\c@part=\count80
\c@section=\count81
\c@subsection=\count82
\c@subsubsection=\count83
\c@paragraph=\count84
\c@subparagraph=\count85
\c@figure=\count86
\c@table=\count87
\abovecaptionskip=\skip41
\belowcaptionskip=\skip42
\bibindent=\dimen102
) (/usr/local/texlive/2019/texmf-dist/tex/latex/hyperref/hyperref.sty
Package: hyperref 2019/09/28 v7.00a Hypertext links for LaTeX
 (/usr/local/texlive/2019/texmf-dist/tex/generic/oberdiek/hobsub-hyperref.sty
Package: hobsub-hyperref 2016/05/16 v1.14 Bundle oberdiek, subset hyperref (HO)
 (/usr/local/texlive/2019/texmf-dist/tex/generic/oberdiek/hobsub-generic.sty
Package: hobsub-generic 2016/05/16 v1.14 Bundle oberdiek, subset generic (HO)
Package: hobsub 2016/05/16 v1.14 Construct package bundles (HO)
Package: infwarerr 2016/05/16 v1.4 Providing info/warning/error messages (HO)
Package: ltxcmds 2016/05/16 v1.23 LaTeX kernel commands for general use (HO)
Package: ifluatex 2016/05/16 v1.4 Provides the ifluatex switch (HO)
Package ifluatex Info: LuaTeX not detected.
Package: ifvtex 2016/05/16 v1.6 Detect VTeX and its facilities (HO)
Package ifvtex Info: VTeX not detected.
Package: intcalc 2016/05/16 v1.2 Expandable calculations with integers (HO)
Package: ifpdf 2018/09/07 v3.3 Provides the ifpdf switch
Package: etexcmds 2016/05/16 v1.6 Avoid name clashes with e-TeX commands (HO)
Package: kvsetkeys 2016/05/16 v1.17 Key value parser (HO)
Package: kvdefinekeys 2016/05/16 v1.4 Define keys (HO)
Package: pdftexcmds 2019/07/25 v0.30 Utility functions of pdfTeX for LuaTeX (HO)
Package pdftexcmds Info: LuaTeX not detected.
Package pdftexcmds Info: pdfTeX >= 1.30 not detected.
Package pdftexcmds Info: \pdf@primitive is available.
Package pdftexcmds Info: \pdf@ifprimitive is available.
Package pdftexcmds Info: \pdfdraftmode not found.
Package: pdfescape 2016/05/16 v1.14 Implements pdfTeX's escape features (HO)
Package: bigintcalc 2016/05/16 v1.4 Expandable calculations on big integers (HO)
Package: bitset 2016/05/16 v1.2 Handle bit-vector datatype (HO)
Package: uniquecounter 2016/05/16 v1.3 Provide unlimited unique counter (HO)
)
Package hobsub Info: Skipping package `hobsub' (already loaded).
Package: letltxmacro 2016/05/16 v1.5 Let assignment for LaTeX macros (HO)
Package: hopatch 2016/05/16 v1.3 Wrapper for package hooks (HO)
Package: xcolor-patch 2016/05/16 xcolor patch
Package: atveryend 2016/05/16 v1.9 Hooks at the very end of document (HO)
Package atveryend Info: \enddocument detected (standard20110627).
Package: atbegshi 2016/06/09 v1.18 At begin shipout hook (HO)
Package: refcount 2016/05/16 v3.5 Data extraction from label references (HO)
Package: hycolor 2016/05/16 v1.8 Color options for hyperref/bookmark (HO)
) (/usr/local/texlive/2019/texmf-dist/tex/latex/graphics/keyval.sty
Package: keyval 2014/10/28 v1.15 key=value parser (DPC)
\KV@toks@=\toks14
) (/usr/local/texlive/2019/texmf-dist/tex/generic/ifxetex/ifxetex.sty
Package: ifxetex 2010/09/12 v0.6 Provides ifxetex conditional
) (/usr/local/texlive/2019/texmf-dist/tex/latex/oberdiek/auxhook.sty
Package: auxhook 2016/05/16 v1.4 Hooks for auxiliary files (HO)
) (/usr/local/texlive/2019/texmf-dist/tex/latex/oberdiek/kvoptions.sty
Package: kvoptions 2016/05/16 v3.12 Key value format for package options (HO)
)
\@linkdim=\dimen103
\Hy@linkcounter=\count88
\Hy@pagecounter=\count89
 (/usr/local/texlive/2019/texmf-dist/tex/latex/hyperref/pd1enc.def
File: pd1enc.def 2019/09/28 v7.00a Hyperref: PDFDocEncoding definition (HO)
)
\Hy@SavedSpaceFactor=\count90
 (/usr/local/texlive/2019/texmf-dist/tex/latex/latexconfig/hyperref.cfg
File: hyperref.cfg 2002/06/06 v1.2 hyperref configuration of TeXLive
)
Package hyperref Info: Option `colorlinks' set `true' on input line 4414.
Package hyperref Info: Hyper figures OFF on input line 4540.
Package hyperref Info: Link nesting OFF on input line 4545.
Package hyperref Info: Hyper index ON on input line 4548.
Package hyperref Info: Plain pages OFF on input line 4555.
Package hyperref Info: Backreferencing OFF on input line 4560.
Package hyperref Info: Implicit mode ON; LaTeX internals redefined.
Package hyperref Info: Bookmarks ON on input line 4793.
\c@Hy@tempcnt=\count91
 (/usr/local/texlive/2019/texmf-dist/tex/latex/url/url.sty
\Urlmuskip=\muskip10
Package: url 2013/09/16  ver 3.4  Verb mode for urls, etc.
)
LaTeX Info: Redefining \url on input line 5152.
\XeTeXLinkMargin=\dimen104
\Fld@menulength=\count92
\Field@Width=\dimen105
\Fld@charsize=\dimen106
Package hyperref Info: Hyper figures OFF on input line 6423.
Package hyperref Info: Link nesting OFF on input line 6428.
Package hyperref Info: Hyper index ON on input line 6431.
Package hyperref Info: backreferencing OFF on input line 6438.
Package hyperref Info: Link coloring ON on input line 6441.
Package hyperref Info: Link coloring with OCG OFF on input line 6448.
Package hyperref Info: PDF/A mode OFF on input line 6453.
LaTeX Info: Redefining \ref on input line 6493.
LaTeX Info: Redefining \pageref on input line 6497.
\Hy@abspage=\count93
\c@Item=\count94
\c@Hfootnote=\count95
)
Package hyperref Info: Driver (autodetected): hxetex.
 (/usr/local/texlive/2019/texmf-dist/tex/latex/hyperref/hxetex.def
File: hxetex.def 2019/09/28 v7.00a Hyperref driver for XeTeX
 (/usr/local/texlive/2019/texmf-dist/tex/latex/hyperref/puenc.def
File: puenc.def 2019/09/28 v7.00a Hyperref: PDF Unicode definition (HO)
) (/usr/local/texlive/2019/texmf-dist/tex/generic/oberdiek/stringenc.sty
Package: stringenc 2016/05/16 v1.11 Convert strings between diff. encodings (HO)
)
\pdfm@box=\box27
\c@Hy@AnnotLevel=\count96
\HyField@AnnotCount=\count97
\Fld@listcount=\count98
\c@bookmark@seq@number=\count99
 (/usr/local/texlive/2019/texmf-dist/tex/latex/oberdiek/rerunfilecheck.sty
Package: rerunfilecheck 2016/05/16 v1.8 Rerun checks for auxiliary files (HO)
Package uniquecounter Info: New unique counter `rerunfilecheck' on input line 282.
)
\Hy@SectionHShift=\skip43
) (/usr/local/texlive/2019/texmf-dist/tex/xelatex/xecjk/xeCJK.sty (/usr/local/texlive/2019/texmf-dist/tex/latex/l3kernel/expl3.sty
Package: expl3 2019-10-14 L3 programming layer (loader) 
 (/usr/local/texlive/2019/texmf-dist/tex/latex/l3kernel/expl3-code.tex
Package: expl3 2019-10-14 L3 programming layer (code)
\c_max_int=\count100
\l_tmpa_int=\count101
\l_tmpb_int=\count102
\g_tmpa_int=\count103
\g_tmpb_int=\count104
\l__seq_internal_a_int=\count105
\l__seq_internal_b_int=\count106
\g__kernel_prg_map_int=\count107
\c__ior_term_noprompt_ior=\count108
\c_log_iow=\count109
\l_iow_line_count_int=\count110
\l__iow_line_target_int=\count111
\l__iow_one_indent_int=\count112
\l__iow_indent_int=\count113
\c_zero_dim=\dimen107
\c_max_dim=\dimen108
\l_tmpa_dim=\dimen109
\l_tmpb_dim=\dimen110
\g_tmpa_dim=\dimen111
\g_tmpb_dim=\dimen112
\c_zero_skip=\skip44
\c_max_skip=\skip45
\l_tmpa_skip=\skip46
\l_tmpb_skip=\skip47
\g_tmpa_skip=\skip48
\g_tmpb_skip=\skip49
\c_zero_muskip=\muskip11
\c_max_muskip=\muskip12
\l_tmpa_muskip=\muskip13
\l_tmpb_muskip=\muskip14
\g_tmpa_muskip=\muskip15
\g_tmpb_muskip=\muskip16
\l_keys_choice_int=\count114
\l__intarray_loop_int=\count115
\c__intarray_sp_dim=\dimen113
\g__intarray_font_int=\count116
\c__fp_leading_shift_int=\count117
\c__fp_middle_shift_int=\count118
\c__fp_trailing_shift_int=\count119
\c__fp_big_leading_shift_int=\count120
\c__fp_big_middle_shift_int=\count121
\c__fp_big_trailing_shift_int=\count122
\c__fp_Bigg_leading_shift_int=\count123
\c__fp_Bigg_middle_shift_int=\count124
\c__fp_Bigg_trailing_shift_int=\count125
\g__fp_array_int=\count126
\l__fp_array_loop_int=\count127
\l__sort_length_int=\count128
\l__sort_min_int=\count129
\l__sort_top_int=\count130
\l__sort_max_int=\count131
\l__sort_true_max_int=\count132
\l__sort_block_int=\count133
\l__sort_begin_int=\count134
\l__sort_end_int=\count135
\l__sort_A_int=\count136
\l__sort_B_int=\count137
\l__sort_C_int=\count138
\l__str_internal_int=\count139
\l__tl_analysis_normal_int=\count140
\l__tl_analysis_index_int=\count141
\l__tl_analysis_nesting_int=\count142
\l__tl_analysis_type_int=\count143
\l__regex_internal_a_int=\count144
\l__regex_internal_b_int=\count145
\l__regex_internal_c_int=\count146
\l__regex_balance_int=\count147
\l__regex_group_level_int=\count148
\l__regex_mode_int=\count149
\c__regex_cs_in_class_mode_int=\count150
\c__regex_cs_mode_int=\count151
\l__regex_catcodes_int=\count152
\l__regex_default_catcodes_int=\count153
\c__regex_catcode_L_int=\count154
\c__regex_catcode_O_int=\count155
\c__regex_catcode_A_int=\count156
\c__regex_all_catcodes_int=\count157
\l__regex_show_lines_int=\count158
\l__regex_min_state_int=\count159
\l__regex_max_state_int=\count160
\l__regex_left_state_int=\count161
\l__regex_right_state_int=\count162
\l__regex_capturing_group_int=\count163
\l__regex_min_pos_int=\count164
\l__regex_max_pos_int=\count165
\l__regex_curr_pos_int=\count166
\l__regex_start_pos_int=\count167
\l__regex_success_pos_int=\count168
\l__regex_curr_char_int=\count169
\l__regex_curr_catcode_int=\count170
\l__regex_last_char_int=\count171
\l__regex_case_changed_char_int=\count172
\l__regex_curr_state_int=\count173
\l__regex_step_int=\count174
\l__regex_min_active_int=\count175
\l__regex_max_active_int=\count176
\l__regex_replacement_csnames_int=\count177
\l__regex_match_count_int=\count178
\l__regex_min_submatch_int=\count179
\l__regex_submatch_int=\count180
\l__regex_zeroth_submatch_int=\count181
\g__regex_trace_regex_int=\count182
\c_empty_box=\box28
\l_tmpa_box=\box29
\l_tmpb_box=\box30
\g_tmpa_box=\box31
\g_tmpb_box=\box32
\l__box_top_dim=\dimen114
\l__box_bottom_dim=\dimen115
\l__box_left_dim=\dimen116
\l__box_right_dim=\dimen117
\l__box_top_new_dim=\dimen118
\l__box_bottom_new_dim=\dimen119
\l__box_left_new_dim=\dimen120
\l__box_right_new_dim=\dimen121
\l__box_internal_box=\box33
\l__coffin_internal_box=\box34
\l__coffin_internal_dim=\dimen122
\l__coffin_offset_x_dim=\dimen123
\l__coffin_offset_y_dim=\dimen124
\l__coffin_x_dim=\dimen125
\l__coffin_y_dim=\dimen126
\l__coffin_x_prime_dim=\dimen127
\l__coffin_y_prime_dim=\dimen128
\c_empty_coffin=\box35
\l__coffin_aligned_coffin=\box36
\l__coffin_aligned_internal_coffin=\box37
\l_tmpa_coffin=\box38
\l_tmpb_coffin=\box39
\g_tmpa_coffin=\box40
\g_tmpb_coffin=\box41
\l__coffin_bounding_shift_dim=\dimen129
\l__coffin_left_corner_dim=\dimen130
\l__coffin_right_corner_dim=\dimen131
\l__coffin_bottom_corner_dim=\dimen132
\l__coffin_top_corner_dim=\dimen133
\l__coffin_scaled_total_height_dim=\dimen134
\l__coffin_scaled_width_dim=\dimen135
\c__coffin_empty_coffin=\box42
\l__coffin_display_coffin=\box43
\l__coffin_display_coord_coffin=\box44
\l__coffin_display_pole_coffin=\box45
\l__coffin_display_offset_dim=\dimen136
\l__coffin_display_x_dim=\dimen137
\l__coffin_display_y_dim=\dimen138
\g__char_data_ior=\read1
 (/usr/local/texlive/2019/texmf-dist/tex/latex/l3kernel/l3deprecation.def
File: l3deprecation.def 2019-04-06 v L3 Deprecated functions
)) (/usr/local/texlive/2019/texmf-dist/tex/latex/l3backend/l3backend-xdvipdfmx.def
File: l3backend-xdvipdfmx.def 2019-04-06 L3 backend support: xdvipdfmx
\g__graphics_track_int=\count183
\l__pdf_internal_box=\box46
\g__pdf_backend_object_int=\count184
\g__pdf_backend_annotation_int=\count185
))
Package: xeCJK 2019/06/02 v3.7.4 Typesetting CJK scripts with XeLaTeX
 (/usr/local/texlive/2019/texmf-dist/tex/latex/l3packages/xtemplate/xtemplate.sty
Package: xtemplate 2019-10-11 L3 Experimental prototype document functions
\l__xtemplate_tmp_dim=\dimen139
\l__xtemplate_tmp_int=\count186
\l__xtemplate_tmp_muskip=\muskip17
\l__xtemplate_tmp_skip=\skip50
) (/usr/local/texlive/2019/texmf-dist/tex/latex/l3packages/xparse/xparse.sty
Package: xparse 2019-10-11 L3 Experimental document command parser
\l__xparse_current_arg_int=\count187
\g__xparse_grabber_int=\count188
\l__xparse_m_args_int=\count189
\l__xparse_v_nesting_int=\count190
) (/usr/local/texlive/2019/texmf-dist/tex/latex/l3packages/l3keys2e/l3keys2e.sty
Package: l3keys2e 2019-10-11 LaTeX2e option processing using LaTeX3 keys
)
\l__xeCJK_tmp_int=\count191
\l__xeCJK_tmp_box=\box47
\l__xeCJK_tmp_dim=\dimen140
\l__xeCJK_tmp_skip=\skip51
\g__xeCJK_space_factor_int=\count192
\l__xeCJK_begin_int=\count193
\l__xeCJK_end_int=\count194
\c__xeCJK_CJK_class_int=\XeTeXcharclass1
\c__xeCJK_FullLeft_class_int=\XeTeXcharclass2
\c__xeCJK_FullRight_class_int=\XeTeXcharclass3
\c__xeCJK_HalfLeft_class_int=\XeTeXcharclass4
\c__xeCJK_HalfRight_class_int=\XeTeXcharclass5
\c__xeCJK_NormalSpace_class_int=\XeTeXcharclass6
\c__xeCJK_CM_class_int=\XeTeXcharclass7
\c__xeCJK_HangulJamo_class_int=\XeTeXcharclass8
\l__xeCJK_last_skip=\skip52
\g__xeCJK_node_int=\count195
\c__xeCJK_CJK_node_dim=\dimen141
\c__xeCJK_CJK-space_node_dim=\dimen142
\c__xeCJK_default_node_dim=\dimen143
\c__xeCJK_default-space_node_dim=\dimen144
\c__xeCJK_CJK-widow_node_dim=\dimen145
\c__xeCJK_normalspace_node_dim=\dimen146
\l__xeCJK_ccglue_skip=\skip53
\l__xeCJK_ecglue_skip=\skip54
\l__xeCJK_punct_kern_skip=\skip55
\l__xeCJK_last_penalty_int=\count196
\l__xeCJK_last_bound_dim=\dimen147
\l__xeCJK_last_kern_dim=\dimen148
\l__xeCJK_widow_penalty_int=\count197

Package xtemplate Info: Declaring object type 'xeCJK/punctuation' taking 0
(xtemplate)             argument(s) on line 2323.

\l__xeCJK_fixed_punct_width_dim=\dimen149
\l__xeCJK_mixed_punct_width_dim=\dimen150
\l__xeCJK_middle_punct_width_dim=\dimen151
\l__xeCJK_fixed_margin_width_dim=\dimen152
\l__xeCJK_mixed_margin_width_dim=\dimen153
\l__xeCJK_middle_margin_width_dim=\dimen154
\l__xeCJK_bound_punct_width_dim=\dimen155
\l__xeCJK_bound_margin_width_dim=\dimen156
\l__xeCJK_margin_minimum_dim=\dimen157
\l__xeCJK_kerning_total_width_dim=\dimen158
\l__xeCJK_same_align_margin_dim=\dimen159
\l__xeCJK_different_align_margin_dim=\dimen160
\l__xeCJK_kerning_margin_width_dim=\dimen161
\l__xeCJK_kerning_margin_minimum_dim=\dimen162
\l__xeCJK_bound_dim=\dimen163
\l__xeCJK_reverse_bound_dim=\dimen164
\l__xeCJK_margin_dim=\dimen165
\l__xeCJK_minimum_bound_dim=\dimen166
\l__xeCJK_kerning_margin_dim=\dimen167
\g__xeCJK_family_int=\count198
\l__xeCJK_fam_int=\count199
\g__xeCJK_fam_allocation_int=\count266
\l__xeCJK_verb_case_int=\count267
\l__xeCJK_verb_exspace_skip=\skip56
 (/usr/local/texlive/2019/texmf-dist/tex/latex/fontspec/fontspec.sty
Package: fontspec 2019/10/19 v2.7d Font selection for XeLaTeX and LuaLaTeX
 (/usr/local/texlive/2019/texmf-dist/tex/latex/fontspec/fontspec-xetex.sty
Package: fontspec-xetex 2019/10/19 v2.7d Font selection for XeLaTeX and LuaLaTeX
\l__fontspec_script_int=\count268
\l__fontspec_language_int=\count269
\l__fontspec_strnum_int=\count270
\l__fontspec_tmp_int=\count271
\l__fontspec_tmpa_int=\count272
\l__fontspec_tmpb_int=\count273
\l__fontspec_tmpc_int=\count274
\l__fontspec_em_int=\count275
\l__fontspec_emdef_int=\count276
\l__fontspec_strong_int=\count277
\l__fontspec_strongdef_int=\count278
\l__fontspec_tmpa_dim=\dimen168
\l__fontspec_tmpb_dim=\dimen169
\l__fontspec_tmpc_dim=\dimen170
 (/usr/local/texlive/2019/texmf-dist/tex/latex/base/fontenc.sty
Package: fontenc 2018/08/11 v2.0j Standard LaTeX package
 (/usr/local/texlive/2019/texmf-dist/tex/latex/base/tuenc.def
File: tuenc.def 2018/08/11 v2.0j Standard LaTeX file
LaTeX Font Info:    Redeclaring font encoding TU on input line 82.
)) (/usr/local/texlive/2019/texmf-dist/tex/latex/fontspec/fontspec.cfg)
LaTeX Info: Redefining \itshape on input line 4047.
LaTeX Info: Redefining \slshape on input line 4052.
LaTeX Info: Redefining \scshape on input line 4057.
LaTeX Info: Redefining \upshape on input line 4062.
LaTeX Info: Redefining \em on input line 4092.
LaTeX Info: Redefining \emph on input line 4117.
))
(/usr/local/texlive/2019/texmf-dist/tex/xelatex/xecjk/xeCJK.cfg
File: xeCJK.cfg 2019/06/02 v3.7.4 Configuration file for xeCJK package
)) (/usr/local/texlive/2019/texmf-dist/tex/latex/titlesec/titlesec.sty
Package: titlesec 2019/10/16 v2.13 Sectioning titles
\ttl@box=\box48
\beforetitleunit=\skip57
\aftertitleunit=\skip58
\ttl@plus=\dimen171
\ttl@minus=\dimen172
\ttl@toksa=\toks15
\titlewidth=\dimen173
\titlewidthlast=\dimen174
\titlewidthfirst=\dimen175
) (/usr/local/texlive/2019/texmf-dist/tex/latex/base/inputenc.sty
Package: inputenc 2018/08/11 v1.3c Input encoding file
\inpenc@prehook=\toks16
\inpenc@posthook=\toks17


Package inputenc Warning: inputenc package ignored with utf8 based engines.

) (/usr/local/texlive/2019/texmf-dist/tex/latex/base/fontenc.sty
Package: fontenc 2018/08/11 v2.0j Standard LaTeX package
 (/usr/local/texlive/2019/texmf-dist/tex/latex/base/t1enc.def
File: t1enc.def 2018/08/11 v2.0j Standard LaTeX file
LaTeX Font Info:    Redeclaring font encoding T1 on input line 48.
)
LaTeX Font Info:    Trying to load font information for T1+lmr on input line 105.
 (/usr/local/texlive/2019/texmf-dist/tex/latex/lm/t1lmr.fd
File: t1lmr.fd 2009/10/30 v1.6 Font defs for Latin Modern
)) (/usr/local/texlive/2019/texmf-dist/tex/latex/base/textcomp.sty
Package: textcomp 2018/08/11 v2.0j Standard LaTeX package
Package textcomp Info: Sub-encoding information:
(textcomp)               5 = only ISO-Adobe without \textcurrency
(textcomp)               4 = 5 + \texteuro
(textcomp)               3 = 4 + \textohm
(textcomp)               2 = 3 + \textestimated + \textcurrency
(textcomp)               1 = TS1 - \textcircled - \t
(textcomp)               0 = TS1 (full)
(textcomp)             Font families with sub-encoding setting implement
(textcomp)             only a restricted character set as indicated.
(textcomp)             Family '?' is the default used for unknown fonts.
(textcomp)             See the documentation for details.
Package textcomp Info: Setting ? sub-encoding to TS1/1 on input line 79.
 (/usr/local/texlive/2019/texmf-dist/tex/latex/base/ts1enc.def
File: ts1enc.def 2001/06/05 v3.0e (jk/car/fm) Standard LaTeX file
)
LaTeX Info: Redefining \oldstylenums on input line 334.
Package textcomp Info: Setting cmr sub-encoding to TS1/0 on input line 349.
Package textcomp Info: Setting cmss sub-encoding to TS1/0 on input line 350.
Package textcomp Info: Setting cmtt sub-encoding to TS1/0 on input line 351.
Package textcomp Info: Setting cmvtt sub-encoding to TS1/0 on input line 352.
Package textcomp Info: Setting cmbr sub-encoding to TS1/0 on input line 353.
Package textcomp Info: Setting cmtl sub-encoding to TS1/0 on input line 354.
Package textcomp Info: Setting ccr sub-encoding to TS1/0 on input line 355.
Package textcomp Info: Setting ptm sub-encoding to TS1/4 on input line 356.
Package textcomp Info: Setting pcr sub-encoding to TS1/4 on input line 357.
Package textcomp Info: Setting phv sub-encoding to TS1/4 on input line 358.
Package textcomp Info: Setting ppl sub-encoding to TS1/3 on input line 359.
Package textcomp Info: Setting pag sub-encoding to TS1/4 on input line 360.
Package textcomp Info: Setting pbk sub-encoding to TS1/4 on input line 361.
Package textcomp Info: Setting pnc sub-encoding to TS1/4 on input line 362.
Package textcomp Info: Setting pzc sub-encoding to TS1/4 on input line 363.
Package textcomp Info: Setting bch sub-encoding to TS1/4 on input line 364.
Package textcomp Info: Setting put sub-encoding to TS1/5 on input line 365.
Package textcomp Info: Setting uag sub-encoding to TS1/5 on input line 366.
Package textcomp Info: Setting ugq sub-encoding to TS1/5 on input line 367.
Package textcomp Info: Setting ul8 sub-encoding to TS1/4 on input line 368.
Package textcomp Info: Setting ul9 sub-encoding to TS1/4 on input line 369.
Package textcomp Info: Setting augie sub-encoding to TS1/5 on input line 370.
Package textcomp Info: Setting dayrom sub-encoding to TS1/3 on input line 371.
Package textcomp Info: Setting dayroms sub-encoding to TS1/3 on input line 372.
Package textcomp Info: Setting pxr sub-encoding to TS1/0 on input line 373.
Package textcomp Info: Setting pxss sub-encoding to TS1/0 on input line 374.
Package textcomp Info: Setting pxtt sub-encoding to TS1/0 on input line 375.
Package textcomp Info: Setting txr sub-encoding to TS1/0 on input line 376.
Package textcomp Info: Setting txss sub-encoding to TS1/0 on input line 377.
Package textcomp Info: Setting txtt sub-encoding to TS1/0 on input line 378.
Package textcomp Info: Setting lmr sub-encoding to TS1/0 on input line 379.
Package textcomp Info: Setting lmdh sub-encoding to TS1/0 on input line 380.
Package textcomp Info: Setting lmss sub-encoding to TS1/0 on input line 381.
Package textcomp Info: Setting lmssq sub-encoding to TS1/0 on input line 382.
Package textcomp Info: Setting lmvtt sub-encoding to TS1/0 on input line 383.
Package textcomp Info: Setting lmtt sub-encoding to TS1/0 on input line 384.
Package textcomp Info: Setting qhv sub-encoding to TS1/0 on input line 385.
Package textcomp Info: Setting qag sub-encoding to TS1/0 on input line 386.
Package textcomp Info: Setting qbk sub-encoding to TS1/0 on input line 387.
Package textcomp Info: Setting qcr sub-encoding to TS1/0 on input line 388.
Package textcomp Info: Setting qcs sub-encoding to TS1/0 on input line 389.
Package textcomp Info: Setting qpl sub-encoding to TS1/0 on input line 390.
Package textcomp Info: Setting qtm sub-encoding to TS1/0 on input line 391.
Package textcomp Info: Setting qzc sub-encoding to TS1/0 on input line 392.
Package textcomp Info: Setting qhvc sub-encoding to TS1/0 on input line 393.
Package textcomp Info: Setting futs sub-encoding to TS1/4 on input line 394.
Package textcomp Info: Setting futx sub-encoding to TS1/4 on input line 395.
Package textcomp Info: Setting futj sub-encoding to TS1/4 on input line 396.
Package textcomp Info: Setting hlh sub-encoding to TS1/3 on input line 397.
Package textcomp Info: Setting hls sub-encoding to TS1/3 on input line 398.
Package textcomp Info: Setting hlst sub-encoding to TS1/3 on input line 399.
Package textcomp Info: Setting hlct sub-encoding to TS1/5 on input line 400.
Package textcomp Info: Setting hlx sub-encoding to TS1/5 on input line 401.
Package textcomp Info: Setting hlce sub-encoding to TS1/5 on input line 402.
Package textcomp Info: Setting hlcn sub-encoding to TS1/5 on input line 403.
Package textcomp Info: Setting hlcw sub-encoding to TS1/5 on input line 404.
Package textcomp Info: Setting hlcf sub-encoding to TS1/5 on input line 405.
Package textcomp Info: Setting pplx sub-encoding to TS1/3 on input line 406.
Package textcomp Info: Setting pplj sub-encoding to TS1/3 on input line 407.
Package textcomp Info: Setting ptmx sub-encoding to TS1/4 on input line 408.
Package textcomp Info: Setting ptmj sub-encoding to TS1/4 on input line 409.
) (/usr/local/texlive/2019/texmf-dist/tex/latex/amsmath/amsmath.sty
Package: amsmath 2019/04/01 v2.17c AMS math features
\@mathmargin=\skip59

For additional information on amsmath, use the `?' option.
(/usr/local/texlive/2019/texmf-dist/tex/latex/amsmath/amstext.sty
Package: amstext 2000/06/29 v2.01 AMS text
 (/usr/local/texlive/2019/texmf-dist/tex/latex/amsmath/amsgen.sty
File: amsgen.sty 1999/11/30 v2.0 generic functions
\@emptytoks=\toks18
\ex@=\dimen176
)) (/usr/local/texlive/2019/texmf-dist/tex/latex/amsmath/amsbsy.sty
Package: amsbsy 1999/11/29 v1.2d Bold Symbols
\pmbraise@=\dimen177
) (/usr/local/texlive/2019/texmf-dist/tex/latex/amsmath/amsopn.sty
Package: amsopn 2016/03/08 v2.02 operator names
)
\inf@bad=\count279
LaTeX Info: Redefining \frac on input line 227.
\uproot@=\count280
\leftroot@=\count281
LaTeX Info: Redefining \overline on input line 389.
\classnum@=\count282
\DOTSCASE@=\count283
LaTeX Info: Redefining \ldots on input line 486.
LaTeX Info: Redefining \dots on input line 489.
LaTeX Info: Redefining \cdots on input line 610.
\Mathstrutbox@=\box49
\strutbox@=\box50
\big@size=\dimen178
LaTeX Font Info:    Redeclaring font encoding OML on input line 733.
LaTeX Font Info:    Redeclaring font encoding OMS on input line 734.
\macc@depth=\count284
\c@MaxMatrixCols=\count285
\dotsspace@=\muskip18
\c@parentequation=\count286
\dspbrk@lvl=\count287
\tag@help=\toks19
\row@=\count288
\column@=\count289
\maxfields@=\count290
\andhelp@=\toks20
\eqnshift@=\dimen179
\alignsep@=\dimen180
\tagshift@=\dimen181
\tagwidth@=\dimen182
\totwidth@=\dimen183
\lineht@=\dimen184
\@envbody=\toks21
\multlinegap=\skip60
\multlinetaggap=\skip61
\mathdisplay@stack=\toks22
LaTeX Info: Redefining \[ on input line 2855.
LaTeX Info: Redefining \] on input line 2856.
) (/usr/local/texlive/2019/texmf-dist/tex/latex/amsfonts/amssymb.sty
Package: amssymb 2013/01/14 v3.01 AMS font symbols
 (/usr/local/texlive/2019/texmf-dist/tex/latex/amsfonts/amsfonts.sty
Package: amsfonts 2013/01/14 v3.01 Basic AMSFonts support
\symAMSa=\mathgroup4
\symAMSb=\mathgroup5
LaTeX Font Info:    Redeclaring math symbol \hbar on input line 98.
LaTeX Font Info:    Overwriting math alphabet `\mathfrak' in version `bold'
(Font)                  U/euf/m/n --> U/euf/b/n on input line 106.
)) (/usr/local/texlive/2019/texmf-dist/tex/latex/mathtools/mathtools.sty
Package: mathtools 2019/07/31 v1.22 mathematical typesetting tools
 (/usr/local/texlive/2019/texmf-dist/tex/latex/tools/calc.sty
Package: calc 2017/05/25 v4.3 Infix arithmetic (KKT,FJ)
\calc@Acount=\count291
\calc@Bcount=\count292
\calc@Adimen=\dimen185
\calc@Bdimen=\dimen186
\calc@Askip=\skip62
\calc@Bskip=\skip63
LaTeX Info: Redefining \setlength on input line 80.
LaTeX Info: Redefining \addtolength on input line 81.
\calc@Ccount=\count293
\calc@Cskip=\skip64
) (/usr/local/texlive/2019/texmf-dist/tex/latex/mathtools/mhsetup.sty
Package: mhsetup 2017/03/31 v1.3 programming setup (MH)
)
LaTeX Info: Thecontrolsequence`\('isalreadyrobust on input line 129.
LaTeX Info: Thecontrolsequence`\)'isalreadyrobust on input line 129.
LaTeX Info: Thecontrolsequence`\['isalreadyrobust on input line 129.
LaTeX Info: Thecontrolsequence`\]'isalreadyrobust on input line 129.
\g_MT_multlinerow_int=\count294
\l_MT_multwidth_dim=\dimen187
\origjot=\skip65
\l_MT_shortvdotswithinadjustabove_dim=\dimen188
\l_MT_shortvdotswithinadjustbelow_dim=\dimen189
\l_MT_above_intertext_sep=\dimen190
\l_MT_below_intertext_sep=\dimen191
\l_MT_above_shortintertext_sep=\dimen192
\l_MT_below_shortintertext_sep=\dimen193
) (/usr/local/texlive/2019/texmf-dist/tex/latex/import/import.sty
Package: import 2009/03/23  v 5.1
) (/usr/local/texlive/2019/texmf-dist/tex/latex/xifthen/xifthen.sty
Package: xifthen 2015/11/05 v1.4.0 Extended ifthen features
 (/usr/local/texlive/2019/texmf-dist/tex/latex/base/ifthen.sty
Package: ifthen 2014/09/29 v1.1c Standard LaTeX ifthen package (DPC)
) (/usr/local/texlive/2019/texmf-dist/tex/latex/ifmtarg/ifmtarg.sty
Package: ifmtarg 2018/04/16 v1.2b check for an empty argument
)) (/usr/local/texlive/2019/texmf-dist/tex/latex/ntheorem/ntheorem.sty
Style `ntheorem', Version 1.33 <2011/08/15>
Package: ntheorem 2011/08/15 1.33
\theorem@style=\toks23
\theorem@@style=\toks24
\theorembodyfont=\toks25
\theoremnumbering=\toks26
\theorempreskipamount=\skip66
\theorempostskipamount=\skip67
\theoremframepreskipamount=\skip68
\theoremframepostskipamount=\skip69
\theoreminframepreskipamount=\skip70
\theoreminframepostskipamount=\skip71
\theorem@preskip=\toks27
\theorem@postskip=\toks28
\theorem@framepreskip=\toks29
\theorem@framepostskip=\toks30
\theorem@inframepreskip=\toks31
\theorem@inframepostskip=\toks32
\theoremindent=\dimen194
\theorem@indent=\dimen195
\theoremrightindent=\dimen196
\theorem@rightindent=\dimen197
\theoremheaderfont=\toks33
\theoremseparator=\toks34
\theoremprework=\toks35
\theorempostwork=\toks36
\theoremsymbol=\toks37
\qedsymbol=\toks38
\theoremkeyword=\toks39
\qedsymbol=\toks40
\thm@topsep=\skip72
\thm@topsepadd=\skip73
)
\c@theorem=\count295
\c@rmk=\count296
\c@lemma=\count297
\c@definition=\count298
 (/home/rieunity/texmf/tex/latex/tensor/tensor.sty
Package: tensor 2004/12/20 v2.1 tensor indices package (PGR)
\tnsr@Sps=\toks41
\tnsr@Sbs=\toks42
\tnsr@Spe=\toks43
\tnsr@Sbe=\toks44
\ncld@Mno=\toks45
)

Package xeCJK Warning: Fandol is being set as the default font for CJK text.
(xeCJK)                Please make sure it has been properly installed.


Package fontspec Warning: Font "FandolSong-Regular" does not contain requested
(fontspec)                Script "CJK".


Package fontspec Info: Font family 'FandolSong-Regular(0)' created for font
(fontspec)             'FandolSong-Regular' with options
(fontspec)             [Script={CJK},Extension={.otf},BoldFont={FandolSong-Bold},ItalicFont={FandolKai-Regular}].
(fontspec)              
(fontspec)              This font family consists of the following NFSS
(fontspec)             series/shapes:
(fontspec)              
(fontspec)             - 'normal' (m/n) with NFSS spec.:
(fontspec)             <->"[FandolSong-Regular.otf]/OT"
(fontspec)             - 'small caps'  (m/sc) with NFSS spec.: 
(fontspec)             - 'bold' (bx/n) with NFSS spec.:
(fontspec)             <->"[FandolSong-Bold.otf]/OT"
(fontspec)             - 'bold small caps'  (bx/sc) with NFSS spec.: 
(fontspec)             - 'italic' (m/it) with NFSS spec.:
(fontspec)             <->"[FandolKai-Regular.otf]/OT"
(fontspec)             - 'italic small caps'  (m/itsc) with NFSS spec.: 

(./19-12-30.aux (./body.aux))
\openout1 = `19-12-30.aux'.

LaTeX Font Info:    Checking defaults for OML/cmm/m/it on input line 61.
LaTeX Font Info:    ... okay on input line 61.
LaTeX Font Info:    Checking defaults for T1/cmr/m/n on input line 61.
LaTeX Font Info:    ... okay on input line 61.
LaTeX Font Info:    Checking defaults for OT1/cmr/m/n on input line 61.
LaTeX Font Info:    ... okay on input line 61.
LaTeX Font Info:    Checking defaults for OMS/cmsy/m/n on input line 61.
LaTeX Font Info:    ... okay on input line 61.
LaTeX Font Info:    Checking defaults for TU/lmr/m/n on input line 61.
LaTeX Font Info:    ... okay on input line 61.
LaTeX Font Info:    Checking defaults for OMX/cmex/m/n on input line 61.
LaTeX Font Info:    ... okay on input line 61.
LaTeX Font Info:    Checking defaults for U/cmr/m/n on input line 61.
LaTeX Font Info:    ... okay on input line 61.
LaTeX Font Info:    Checking defaults for PD1/pdf/m/n on input line 61.
LaTeX Font Info:    ... okay on input line 61.
LaTeX Font Info:    Checking defaults for PU/pdf/m/n on input line 61.
LaTeX Font Info:    ... okay on input line 61.
LaTeX Font Info:    Checking defaults for TS1/cmr/m/n on input line 61.
LaTeX Font Info:    Trying to load font information for TS1+cmr on input line 61.
 (/usr/local/texlive/2019/texmf-dist/tex/latex/base/ts1cmr.fd
File: ts1cmr.fd 2014/09/29 v2.5h Standard LaTeX font definitions
)
LaTeX Font Info:    ... okay on input line 61.
\AtBeginShipoutBox=\box51
 (/usr/local/texlive/2019/texmf-dist/tex/latex/graphics/color.sty
Package: color 2016/07/10 v1.1e Standard LaTeX Color (DPC)
 (/usr/local/texlive/2019/texmf-dist/tex/latex/graphics-cfg/color.cfg
File: color.cfg 2016/01/02 v1.6 sample color configuration
)
Package color Info: Driver file: xetex.def on input line 147.
 (/usr/local/texlive/2019/texmf-dist/tex/latex/graphics-def/xetex.def
File: xetex.def 2017/06/24 v5.0h Graphics/color driver for xetex
))
Package hyperref Info: Link coloring ON on input line 61.
 (/usr/local/texlive/2019/texmf-dist/tex/latex/hyperref/nameref.sty
Package: nameref 2019/09/16 v2.46 Cross-referencing by name of section
 (/usr/local/texlive/2019/texmf-dist/tex/generic/oberdiek/gettitlestring.sty
Package: gettitlestring 2016/05/16 v1.5 Cleanup title references (HO)
)
\c@section@level=\count299
)
LaTeX Info: Redefining \ref on input line 61.
LaTeX Info: Redefining \pageref on input line 61.
LaTeX Info: Redefining \nameref on input line 61.
 (./19-12-30.out) (./19-12-30.out)
\@outlinefile=\write3
\openout3 = `19-12-30.out'.


Package fontspec Info: Adjusting the maths setup (use [no-math] to avoid
(fontspec)             this).

\symlegacymaths=\mathgroup6
LaTeX Font Info:    Overwriting symbol font `legacymaths' in version `bold'
(Font)                  OT1/cmr/m/n --> OT1/cmr/bx/n on input line 61.
LaTeX Font Info:    Redeclaring math accent \acute on input line 61.
LaTeX Font Info:    Redeclaring math accent \grave on input line 61.
LaTeX Font Info:    Redeclaring math accent \ddot on input line 61.
LaTeX Font Info:    Redeclaring math accent \tilde on input line 61.
LaTeX Font Info:    Redeclaring math accent \bar on input line 61.
LaTeX Font Info:    Redeclaring math accent \breve on input line 61.
LaTeX Font Info:    Redeclaring math accent \check on input line 61.
LaTeX Font Info:    Redeclaring math accent \hat on input line 61.
LaTeX Font Info:    Redeclaring math accent \dot on input line 61.
LaTeX Font Info:    Redeclaring math accent \mathring on input line 61.
LaTeX Font Info:    Redeclaring math symbol \Gamma on input line 61.
LaTeX Font Info:    Redeclaring math symbol \Delta on input line 61.
LaTeX Font Info:    Redeclaring math symbol \Theta on input line 61.
LaTeX Font Info:    Redeclaring math symbol \Lambda on input line 61.
LaTeX Font Info:    Redeclaring math symbol \Xi on input line 61.
LaTeX Font Info:    Redeclaring math symbol \Pi on input line 61.
LaTeX Font Info:    Redeclaring math symbol \Sigma on input line 61.
LaTeX Font Info:    Redeclaring math symbol \Upsilon on input line 61.
LaTeX Font Info:    Redeclaring math symbol \Phi on input line 61.
LaTeX Font Info:    Redeclaring math symbol \Psi on input line 61.
LaTeX Font Info:    Redeclaring math symbol \Omega on input line 61.
LaTeX Font Info:    Redeclaring math symbol \mathdollar on input line 61.
LaTeX Font Info:    Redeclaring symbol font `operators' on input line 61.
LaTeX Font Info:    Encoding `OT1' has changed to `TU' for symbol font
(Font)              `operators' in the math version `normal' on input line 61.
LaTeX Font Info:    Overwriting symbol font `operators' in version `normal'
(Font)                  OT1/cmr/m/n --> TU/lmr/m/n on input line 61.
LaTeX Font Info:    Encoding `OT1' has changed to `TU' for symbol font
(Font)              `operators' in the math version `bold' on input line 61.
LaTeX Font Info:    Overwriting symbol font `operators' in version `bold'
(Font)                  OT1/cmr/bx/n --> TU/lmr/m/n on input line 61.
LaTeX Font Info:    Overwriting symbol font `operators' in version `normal'
(Font)                  TU/lmr/m/n --> TU/lmr/m/n on input line 61.
LaTeX Font Info:    Overwriting math alphabet `\mathit' in version `normal'
(Font)                  OT1/cmr/m/it --> TU/lmr/m/it on input line 61.
LaTeX Font Info:    Overwriting math alphabet `\mathbf' in version `normal'
(Font)                  OT1/cmr/bx/n --> TU/lmr/bx/n on input line 61.
LaTeX Font Info:    Overwriting math alphabet `\mathsf' in version `normal'
(Font)                  OT1/cmss/m/n --> TU/lmss/m/n on input line 61.
LaTeX Font Info:    Overwriting math alphabet `\mathtt' in version `normal'
(Font)                  OT1/cmtt/m/n --> TU/lmtt/m/n on input line 61.
LaTeX Font Info:    Overwriting symbol font `operators' in version `bold'
(Font)                  TU/lmr/m/n --> TU/lmr/bx/n on input line 61.
LaTeX Font Info:    Overwriting math alphabet `\mathit' in version `bold'
(Font)                  OT1/cmr/bx/it --> TU/lmr/bx/it on input line 61.
LaTeX Font Info:    Overwriting math alphabet `\mathsf' in version `bold'
(Font)                  OT1/cmss/bx/n --> TU/lmss/bx/n on input line 61.
LaTeX Font Info:    Overwriting math alphabet `\mathtt' in version `bold'
(Font)                  OT1/cmtt/m/n --> TU/lmtt/bx/n on input line 61.
 (/usr/local/texlive/2019/texmf-dist/tex/latex/graphics/graphicx.sty
Package: graphicx 2017/06/01 v1.1a Enhanced LaTeX Graphics (DPC,SPQR)
 (/usr/local/texlive/2019/texmf-dist/tex/latex/graphics/graphics.sty
Package: graphics 2019/10/08 v1.3c Standard LaTeX Graphics (DPC,SPQR)
 (/usr/local/texlive/2019/texmf-dist/tex/latex/graphics/trig.sty
Package: trig 2016/01/03 v1.10 sin cos tan (DPC)
) (/usr/local/texlive/2019/texmf-dist/tex/latex/graphics-cfg/graphics.cfg
File: graphics.cfg 2016/06/04 v1.11 sample graphics configuration
)
Package graphics Info: Driver file: xetex.def on input line 105.
)
\Gin@req@height=\dimen198
\Gin@req@width=\dimen199
)
LaTeX Font Info:    Trying to load font information for U+msa on input line 65.
 (/usr/local/texlive/2019/texmf-dist/tex/latex/amsfonts/umsa.fd
File: umsa.fd 2013/01/14 v3.01 AMS symbols A
)
LaTeX Font Info:    Trying to load font information for U+msb on input line 65.
 (/usr/local/texlive/2019/texmf-dist/tex/latex/amsfonts/umsb.fd
File: umsb.fd 2013/01/14 v3.01 AMS symbols B
) (./19-12-30.toc)
\tf@toc=\write4
\openout4 = `19-12-30.toc'.

 (/usr/local/texlive/2019/texmf-dist/tex/generic/oberdiek/se-ascii-print.def
File: se-ascii-print.def 2016/05/16 v1.11 stringenc: Printable ASCII characters
) [1

]
\openout2 = `body.aux'.

 (./body.tex
Package hyperref Info: bookmark level for unknown definition defaults to 0 on input line 7.
Package hyperref Info: bookmark level for unknown theorem defaults to 0 on input line 18.
 [2

]
Overfull \hbox (18.02406pt too wide) in paragraph at lines 92--93
[]\T1/lmr/m/it/9 Assume $\OML/cmm/m/it/9 u \OMS/cmsy/m/n/9 2 \OML/cmm/m/it/9 C[]\OT1/cmr/m/n/9 (\OML/cmm/m/it/9 U\OT1/cmr/m/n/9 ) \OMS/cmsy/m/n/9 \
 []

Package hyperref Info: bookmark level for unknown lemma defaults to 0 on input line 125.
[3] (./figures/interior-ball-condition.pdf_tex
File: ./figures/interior-ball-condition.pdf Graphic file (type pdf)
<use ./figures/interior-ball-condition.pdf, page 1>
File: ./figures/interior-ball-condition.pdf Graphic file (type pdf)
<use ./figures/interior-ball-condition.pdf, page 2>
) [4]
Overfull \hbox (4.9643pt too wide) in paragraph at lines 207--208
[]\T1/lmr/m/it/9 Assume $\OML/cmm/m/it/9 u \OMS/cmsy/m/n/9 2 \OML/cmm/m/it/9 C[] [] \OMS/cmsy/m/n/9 \ \OML/cmm/m/it/9 C []$
 []

[5]) [6] (./19-12-30.bbl)
\tf@thm=\write5
\openout5 = `19-12-30.thm'.

Package atveryend Info: Empty hook `BeforeClearDocument' on input line 70.
 [7

]
Package atveryend Info: Empty hook `AfterLastShipout' on input line 70.
 (./19-12-30.aux (./body.aux))
Package atveryend Info: Empty hook `AtVeryEndDocument' on input line 70.
Package atveryend Info: Executing hook `AtEndAfterFileList' on input line 70.
Package rerunfilecheck Info: File `19-12-30.out' has not changed.
(rerunfilecheck)             Checksum: 01E26853B5BA9A9C0872B9E7EF95E650.
Package atveryend Info: Empty hook `AtVeryVeryEnd' on input line 70.
 ) 
Here is how much of TeX's memory you used:
 24406 strings out of 492483
 472025 string characters out of 6129482
 584061 words of memory out of 5000000
 28665 multiletter control sequences out of 15000+600000
 583246 words of font info for 95 fonts, out of 8000000 for 9000
 1348 hyphenation exceptions out of 8191
 46i,15n,64p,417b,443s stack positions out of 5000i,500n,10000p,200000b,80000s

Output written on 19-12-30.xdv (7 pages, 26556 bytes).
