This is pdfTeX, Version 3.14159265-2.6-1.40.20 (TeX Live 2019) (preloaded format=pdflatex 2019.10.24)  4 APR 2021 17:15
entering extended mode
 restricted \write18 enabled.
 file:line:error style messages enabled.
 %&-line parsing enabled.
**algebraic_geometry_1.tex
(./algebraic_geometry_1.tex
LaTeX2e <2019-10-01> patch level 1
(/usr/local/texlive/2019/texmf-dist/tex/latex/base/article.cls
Document Class: article 2019/08/27 v1.4j Standard LaTeX document class
(/usr/local/texlive/2019/texmf-dist/tex/latex/base/size12.clo
File: size12.clo 2019/08/27 v1.4j Standard LaTeX file (size option)
)
\c@part=\count80
\c@section=\count81
\c@subsection=\count82
\c@subsubsection=\count83
\c@paragraph=\count84
\c@subparagraph=\count85
\c@figure=\count86
\c@table=\count87
\abovecaptionskip=\skip41
\belowcaptionskip=\skip42
\bibindent=\dimen102
) (/usr/local/texlive/2019/texmf-dist/tex/latex/geometry/geometry.sty
Package: geometry 2018/04/16 v5.8 Page Geometry
 (/usr/local/texlive/2019/texmf-dist/tex/latex/graphics/keyval.sty
Package: keyval 2014/10/28 v1.15 key=value parser (DPC)
\KV@toks@=\toks14
) (/usr/local/texlive/2019/texmf-dist/tex/generic/oberdiek/ifpdf.sty
Package: ifpdf 2018/09/07 v3.3 Provides the ifpdf switch
) (/usr/local/texlive/2019/texmf-dist/tex/generic/oberdiek/ifvtex.sty
Package: ifvtex 2016/05/16 v1.6 Detect VTeX and its facilities (HO)
Package ifvtex Info: VTeX not detected.
) (/usr/local/texlive/2019/texmf-dist/tex/generic/ifxetex/ifxetex.sty
Package: ifxetex 2010/09/12 v0.6 Provides ifxetex conditional
)
\Gm@cnth=\count88
\Gm@cntv=\count89
\c@Gm@tempcnt=\count90
\Gm@bindingoffset=\dimen103
\Gm@wd@mp=\dimen104
\Gm@odd@mp=\dimen105
\Gm@even@mp=\dimen106
\Gm@layoutwidth=\dimen107
\Gm@layoutheight=\dimen108
\Gm@layouthoffset=\dimen109
\Gm@layoutvoffset=\dimen110
\Gm@dimlist=\toks15


/usr/local/texlive/2019/texmf-dist/tex/latex/geometry/geometry.sty:1005: Package keyval Error: No value specified for paper.

See the keyval package documentation for explanation.
Type  H <return>  for immediate help.
 ...                                              
                                                  
l.1005 \ProcessOptionsKV[c]{Gm}
                               %
Try typing  <return>  to proceed.
If that doesn't work, type  X <return>  to quit.

) (/usr/local/texlive/2019/texmf-dist/tex/latex/hyperref/hyperref.sty
Package: hyperref 2019/09/28 v7.00a Hypertext links for LaTeX
 (/usr/local/texlive/2019/texmf-dist/tex/generic/oberdiek/hobsub-hyperref.sty
Package: hobsub-hyperref 2016/05/16 v1.14 Bundle oberdiek, subset hyperref (HO)
 (/usr/local/texlive/2019/texmf-dist/tex/generic/oberdiek/hobsub-generic.sty
Package: hobsub-generic 2016/05/16 v1.14 Bundle oberdiek, subset generic (HO)
Package: hobsub 2016/05/16 v1.14 Construct package bundles (HO)
Package: infwarerr 2016/05/16 v1.4 Providing info/warning/error messages (HO)
Package: ltxcmds 2016/05/16 v1.23 LaTeX kernel commands for general use (HO)
Package: ifluatex 2016/05/16 v1.4 Provides the ifluatex switch (HO)
Package ifluatex Info: LuaTeX not detected.
Package hobsub Info: Skipping package `ifvtex' (already loaded).
Package: intcalc 2016/05/16 v1.2 Expandable calculations with integers (HO)
Package hobsub Info: Skipping package `ifpdf' (already loaded).
Package: etexcmds 2016/05/16 v1.6 Avoid name clashes with e-TeX commands (HO)
Package: kvsetkeys 2016/05/16 v1.17 Key value parser (HO)
Package: kvdefinekeys 2016/05/16 v1.4 Define keys (HO)
Package: pdftexcmds 2019/07/25 v0.30 Utility functions of pdfTeX for LuaTeX (HO)
Package pdftexcmds Info: LuaTeX not detected.
Package pdftexcmds Info: \pdf@primitive is available.
Package pdftexcmds Info: \pdf@ifprimitive is available.
Package pdftexcmds Info: \pdfdraftmode found.
Package: pdfescape 2016/05/16 v1.14 Implements pdfTeX's escape features (HO)
Package: bigintcalc 2016/05/16 v1.4 Expandable calculations on big integers (HO)
Package: bitset 2016/05/16 v1.2 Handle bit-vector datatype (HO)
Package: uniquecounter 2016/05/16 v1.3 Provide unlimited unique counter (HO)
)
Package hobsub Info: Skipping package `hobsub' (already loaded).
Package: letltxmacro 2016/05/16 v1.5 Let assignment for LaTeX macros (HO)
Package: hopatch 2016/05/16 v1.3 Wrapper for package hooks (HO)
Package: xcolor-patch 2016/05/16 xcolor patch
Package: atveryend 2016/05/16 v1.9 Hooks at the very end of document (HO)
Package atveryend Info: \enddocument detected (standard20110627).
Package: atbegshi 2016/06/09 v1.18 At begin shipout hook (HO)
Package: refcount 2016/05/16 v3.5 Data extraction from label references (HO)
Package: hycolor 2016/05/16 v1.8 Color options for hyperref/bookmark (HO)
) (/usr/local/texlive/2019/texmf-dist/tex/latex/oberdiek/auxhook.sty
Package: auxhook 2016/05/16 v1.4 Hooks for auxiliary files (HO)
) (/usr/local/texlive/2019/texmf-dist/tex/latex/oberdiek/kvoptions.sty
Package: kvoptions 2016/05/16 v3.12 Key value format for package options (HO)
)
\@linkdim=\dimen111
\Hy@linkcounter=\count91
\Hy@pagecounter=\count92
 (/usr/local/texlive/2019/texmf-dist/tex/latex/hyperref/pd1enc.def
File: pd1enc.def 2019/09/28 v7.00a Hyperref: PDFDocEncoding definition (HO)
Now handling font encoding PD1 ...
... no UTF-8 mapping file for font encoding PD1
)
\Hy@SavedSpaceFactor=\count93
 (/usr/local/texlive/2019/texmf-dist/tex/latex/latexconfig/hyperref.cfg
File: hyperref.cfg 2002/06/06 v1.2 hyperref configuration of TeXLive
)
Package hyperref Info: Option `colorlinks' set `true' on input line 4414.
Package hyperref Info: Hyper figures OFF on input line 4540.
Package hyperref Info: Link nesting OFF on input line 4545.
Package hyperref Info: Hyper index ON on input line 4548.
Package hyperref Info: Plain pages OFF on input line 4555.
Package hyperref Info: Backreferencing OFF on input line 4560.
Package hyperref Info: Implicit mode ON; LaTeX internals redefined.
Package hyperref Info: Bookmarks ON on input line 4793.
\c@Hy@tempcnt=\count94
 (/usr/local/texlive/2019/texmf-dist/tex/latex/url/url.sty
\Urlmuskip=\muskip10
Package: url 2013/09/16  ver 3.4  Verb mode for urls, etc.
)
LaTeX Info: Redefining \url on input line 5152.
\XeTeXLinkMargin=\dimen112
\Fld@menulength=\count95
\Field@Width=\dimen113
\Fld@charsize=\dimen114
Package hyperref Info: Hyper figures OFF on input line 6423.
Package hyperref Info: Link nesting OFF on input line 6428.
Package hyperref Info: Hyper index ON on input line 6431.
Package hyperref Info: backreferencing OFF on input line 6438.
Package hyperref Info: Link coloring ON on input line 6441.
Package hyperref Info: Link coloring with OCG OFF on input line 6448.
Package hyperref Info: PDF/A mode OFF on input line 6453.
LaTeX Info: Redefining \ref on input line 6493.
LaTeX Info: Redefining \pageref on input line 6497.
\Hy@abspage=\count96
\c@Item=\count97
\c@Hfootnote=\count98
)
Package hyperref Info: Driver (autodetected): hpdftex.
 (/usr/local/texlive/2019/texmf-dist/tex/latex/hyperref/hpdftex.def
File: hpdftex.def 2019/09/28 v7.00a Hyperref driver for pdfTeX
\Fld@listcount=\count99
\c@bookmark@seq@number=\count100
 (/usr/local/texlive/2019/texmf-dist/tex/latex/oberdiek/rerunfilecheck.sty
Package: rerunfilecheck 2016/05/16 v1.8 Rerun checks for auxiliary files (HO)
Package uniquecounter Info: New unique counter `rerunfilecheck' on input line 282.
)
\Hy@SectionHShift=\skip43
) (/usr/local/texlive/2019/texmf-dist/tex/latex/fancyhdr/fancyhdr.sty
Package: fancyhdr 2019/01/31 v3.10 Extensive control of page headers and footers
\f@nch@headwidth=\skip44
\f@nch@O@elh=\skip45
\f@nch@O@erh=\skip46
\f@nch@O@olh=\skip47
\f@nch@O@orh=\skip48
\f@nch@O@elf=\skip49
\f@nch@O@erf=\skip50
\f@nch@O@olf=\skip51
\f@nch@O@orf=\skip52
) (/usr/local/texlive/2019/texmf-dist/tex/latex/titlesec/titlesec.sty
Package: titlesec 2019/10/16 v2.13 Sectioning titles
\ttl@box=\box27
\beforetitleunit=\skip53
\aftertitleunit=\skip54
\ttl@plus=\dimen115
\ttl@minus=\dimen116
\ttl@toksa=\toks16
\titlewidth=\dimen117
\titlewidthlast=\dimen118
\titlewidthfirst=\dimen119
) (/usr/local/texlive/2019/texmf-dist/tex/latex/amsfonts/amssymb.sty
Package: amssymb 2013/01/14 v3.01 AMS font symbols
 (/usr/local/texlive/2019/texmf-dist/tex/latex/amsfonts/amsfonts.sty
Package: amsfonts 2013/01/14 v3.01 Basic AMSFonts support
\@emptytoks=\toks17
\symAMSa=\mathgroup4
\symAMSb=\mathgroup5
LaTeX Font Info:    Redeclaring math symbol \hbar on input line 98.
LaTeX Font Info:    Overwriting math alphabet `\mathfrak' in version `bold'
(Font)                  U/euf/m/n --> U/euf/b/n on input line 106.
)) (/usr/local/texlive/2019/texmf-dist/tex/latex/amsmath/amsmath.sty
Package: amsmath 2019/04/01 v2.17c AMS math features
\@mathmargin=\skip55

For additional information on amsmath, use the `?' option.
(/usr/local/texlive/2019/texmf-dist/tex/latex/amsmath/amstext.sty
Package: amstext 2000/06/29 v2.01 AMS text
 (/usr/local/texlive/2019/texmf-dist/tex/latex/amsmath/amsgen.sty
File: amsgen.sty 1999/11/30 v2.0 generic functions
\@emptytoks=\toks18
\ex@=\dimen120
)) (/usr/local/texlive/2019/texmf-dist/tex/latex/amsmath/amsbsy.sty
Package: amsbsy 1999/11/29 v1.2d Bold Symbols
\pmbraise@=\dimen121
) (/usr/local/texlive/2019/texmf-dist/tex/latex/amsmath/amsopn.sty
Package: amsopn 2016/03/08 v2.02 operator names
)
\inf@bad=\count101
LaTeX Info: Redefining \frac on input line 227.
\uproot@=\count102
\leftroot@=\count103
LaTeX Info: Redefining \overline on input line 389.
\classnum@=\count104
\DOTSCASE@=\count105
LaTeX Info: Redefining \ldots on input line 486.
LaTeX Info: Redefining \dots on input line 489.
LaTeX Info: Redefining \cdots on input line 610.
\Mathstrutbox@=\box28
\strutbox@=\box29
\big@size=\dimen122
LaTeX Font Info:    Redeclaring font encoding OML on input line 733.
LaTeX Font Info:    Redeclaring font encoding OMS on input line 734.
\macc@depth=\count106
\c@MaxMatrixCols=\count107
\dotsspace@=\muskip11
\c@parentequation=\count108
\dspbrk@lvl=\count109
\tag@help=\toks19
\row@=\count110
\column@=\count111
\maxfields@=\count112
\andhelp@=\toks20
\eqnshift@=\dimen123
\alignsep@=\dimen124
\tagshift@=\dimen125
\tagwidth@=\dimen126
\totwidth@=\dimen127
\lineht@=\dimen128
\@envbody=\toks21
\multlinegap=\skip56
\multlinetaggap=\skip57
\mathdisplay@stack=\toks22
LaTeX Info: Redefining \[ on input line 2855.
LaTeX Info: Redefining \] on input line 2856.
) (/usr/local/texlive/2019/texmf-dist/tex/latex/base/latexsym.sty
Package: latexsym 1998/08/17 v2.2e Standard LaTeX package (lasy symbols)
\symlasy=\mathgroup6
LaTeX Font Info:    Overwriting symbol font `lasy' in version `bold'
(Font)                  U/lasy/m/n --> U/lasy/b/n on input line 52.
) (/usr/local/texlive/2019/texmf-dist/tex/latex/graphics/graphicx.sty
Package: graphicx 2017/06/01 v1.1a Enhanced LaTeX Graphics (DPC,SPQR)
 (/usr/local/texlive/2019/texmf-dist/tex/latex/graphics/graphics.sty
Package: graphics 2019/10/08 v1.3c Standard LaTeX Graphics (DPC,SPQR)
 (/usr/local/texlive/2019/texmf-dist/tex/latex/graphics/trig.sty
Package: trig 2016/01/03 v1.10 sin cos tan (DPC)
) (/usr/local/texlive/2019/texmf-dist/tex/latex/graphics-cfg/graphics.cfg
File: graphics.cfg 2016/06/04 v1.11 sample graphics configuration
)
Package graphics Info: Driver file: pdftex.def on input line 105.
 (/usr/local/texlive/2019/texmf-dist/tex/latex/graphics-def/pdftex.def
File: pdftex.def 2018/01/08 v1.0l Graphics/color driver for pdftex
))
\Gin@req@height=\dimen129
\Gin@req@width=\dimen130
) (/usr/local/texlive/2019/texmf-dist/tex/latex/graphics/color.sty
Package: color 2016/07/10 v1.1e Standard LaTeX Color (DPC)
 (/usr/local/texlive/2019/texmf-dist/tex/latex/graphics-cfg/color.cfg
File: color.cfg 2016/01/02 v1.6 sample color configuration
)
Package color Info: Driver file: pdftex.def on input line 147.
)
Package color Info: Redefining color yellow on input line 18.
Package color Info: Redefining color white on input line 18.
Package color Info: Redefining color black on input line 18.
 (/usr/local/texlive/2019/texmf-dist/tex/latex/ntheorem/ntheorem.sty
Style `ntheorem', Version 1.33 <2011/08/15>
Package: ntheorem 2011/08/15 1.33
(/usr/local/texlive/2019/texmf-dist/tex/latex/base/ifthen.sty
Package: ifthen 2014/09/29 v1.1c Standard LaTeX ifthen package (DPC)
)
\theorem@style=\toks23
\theorem@@style=\toks24
\theorembodyfont=\toks25
\theoremnumbering=\toks26
\theorempreskipamount=\skip58
\theorempostskipamount=\skip59
\theoremframepreskipamount=\skip60
\theoremframepostskipamount=\skip61
\theoreminframepreskipamount=\skip62
\theoreminframepostskipamount=\skip63
\theorem@preskip=\toks27
\theorem@postskip=\toks28
\theorem@framepreskip=\toks29
\theorem@framepostskip=\toks30
\theorem@inframepreskip=\toks31
\theorem@inframepostskip=\toks32
\theoremindent=\dimen131
\theorem@indent=\dimen132
\theoremrightindent=\dimen133
\theorem@rightindent=\dimen134
\theoremheaderfont=\toks33
\theoremseparator=\toks34
\theoremprework=\toks35
\theorempostwork=\toks36
\theoremsymbol=\toks37
\qedsymbol=\toks38
\theoremkeyword=\toks39
\qedsymbol=\toks40
\thm@topsep=\skip64
\thm@topsepadd=\skip65
)
\c@theorem=\count113
\c@main=\count114
\c@remark=\count115
\c@notation=\count116
\c@proofofnullstellensatz=\count117
\c@proofofproductsofaffinevarieties=\count118


LaTeX Warning: Unused global option(s):
    [paper].

(./algebraic_geometry_1.aux

LaTeX Warning: Label `13-2' multiply defined.

)
\openout1 = `algebraic_geometry_1.aux'.

LaTeX Font Info:    Checking defaults for OML/cmm/m/it on input line 41.
LaTeX Font Info:    ... okay on input line 41.
LaTeX Font Info:    Checking defaults for T1/cmr/m/n on input line 41.
LaTeX Font Info:    ... okay on input line 41.
LaTeX Font Info:    Checking defaults for OT1/cmr/m/n on input line 41.
LaTeX Font Info:    ... okay on input line 41.
LaTeX Font Info:    Checking defaults for OMS/cmsy/m/n on input line 41.
LaTeX Font Info:    ... okay on input line 41.
LaTeX Font Info:    Checking defaults for OMX/cmex/m/n on input line 41.
LaTeX Font Info:    ... okay on input line 41.
LaTeX Font Info:    Checking defaults for U/cmr/m/n on input line 41.
LaTeX Font Info:    ... okay on input line 41.
LaTeX Font Info:    Checking defaults for PD1/pdf/m/n on input line 41.
LaTeX Font Info:    ... okay on input line 41.

*geometry* driver: auto-detecting
*geometry* detected driver: pdftex
*geometry* verbose mode - [ preamble ] result:
* driver: pdftex
* paper: a4paper
* layout: <same size as paper>
* layoutoffset:(h,v)=(0.0pt,0.0pt)
* modes: 
* h-part:(L,W,R)=(89.62709pt, 418.25368pt, 89.6271pt)
* v-part:(T,H,B)=(101.40665pt, 591.5302pt, 152.11pt)
* \paperwidth=597.50787pt
* \paperheight=845.04684pt
* \textwidth=418.25368pt
* \textheight=591.5302pt
* \oddsidemargin=17.3571pt
* \evensidemargin=17.3571pt
* \topmargin=-7.86334pt
* \headheight=12.0pt
* \headsep=25.0pt
* \topskip=12.0pt
* \footskip=30.0pt
* \marginparwidth=44.0pt
* \marginparsep=10.0pt
* \columnsep=10.0pt
* \skip\footins=10.8pt plus 4.0pt minus 2.0pt
* \hoffset=0.0pt
* \voffset=0.0pt
* \mag=1000
* \@twocolumnfalse
* \@twosidefalse
* \@mparswitchfalse
* \@reversemarginfalse
* (1in=72.27pt=25.4mm, 1cm=28.453pt)

\AtBeginShipoutBox=\box30
Package hyperref Info: Link coloring ON on input line 41.
(/usr/local/texlive/2019/texmf-dist/tex/latex/hyperref/nameref.sty
Package: nameref 2019/09/16 v2.46 Cross-referencing by name of section
 (/usr/local/texlive/2019/texmf-dist/tex/generic/oberdiek/gettitlestring.sty
Package: gettitlestring 2016/05/16 v1.5 Cleanup title references (HO)
)
\c@section@level=\count119
)
LaTeX Info: Redefining \ref on input line 41.
LaTeX Info: Redefining \pageref on input line 41.
LaTeX Info: Redefining \nameref on input line 41.
 (./algebraic_geometry_1.out) (./algebraic_geometry_1.out)
\@outlinefile=\write3
\openout3 = `algebraic_geometry_1.out'.

 (/usr/local/texlive/2019/texmf-dist/tex/context/base/mkii/supp-pdf.mkii
[Loading MPS to PDF converter (version 2006.09.02).]
\scratchcounter=\count120
\scratchdimen=\dimen135
\scratchbox=\box31
\nofMPsegments=\count121
\nofMParguments=\count122
\everyMPshowfont=\toks41
\MPscratchCnt=\count123
\MPscratchDim=\dimen136
\MPnumerator=\count124
\makeMPintoPDFobject=\count125
\everyMPtoPDFconversion=\toks42
) (/usr/local/texlive/2019/texmf-dist/tex/latex/oberdiek/epstopdf-base.sty
Package: epstopdf-base 2016/05/15 v2.6 Base part for package epstopdf
 (/usr/local/texlive/2019/texmf-dist/tex/latex/oberdiek/grfext.sty
Package: grfext 2016/05/16 v1.2 Manage graphics extensions (HO)
)
Package epstopdf-base Info: Redefining graphics rule for `.eps' on input line 438.
Package grfext Info: Graphics extension search list:
(grfext)             [.pdf,.png,.jpg,.mps,.jpeg,.jbig2,.jb2,.PDF,.PNG,.JPG,.JPEG,.JBIG2,.JB2,.eps]
(grfext)             \AppendGraphicsExtensions on input line 456.
 (/usr/local/texlive/2019/texmf-dist/tex/latex/latexconfig/epstopdf-sys.cfg
File: epstopdf-sys.cfg 2010/07/13 v1.3 Configuration of (r)epstopdf for TeX Live
))
LaTeX Font Info:    Trying to load font information for U+msa on input line 56.
 (/usr/local/texlive/2019/texmf-dist/tex/latex/amsfonts/umsa.fd
File: umsa.fd 2013/01/14 v3.01 AMS symbols A
)
LaTeX Font Info:    Trying to load font information for U+msb on input line 56.
 (/usr/local/texlive/2019/texmf-dist/tex/latex/amsfonts/umsb.fd
File: umsb.fd 2013/01/14 v3.01 AMS symbols B
)
LaTeX Font Info:    Trying to load font information for U+lasy on input line 56.
 (/usr/local/texlive/2019/texmf-dist/tex/latex/base/ulasy.fd
File: ulasy.fd 1998/08/17 v2.2e LaTeX symbol font definitions
) [1

{/usr/local/texlive/2019/texmf-var/fonts/map/pdftex/updmap/pdftex.map}] (./algebraic_geometry_1.toc)
\tf@toc=\write4
\openout4 = `algebraic_geometry_1.toc'.

 (./body.tex

Package Fancyhdr Warning: \headheight is too small (12.0pt): 
Make it at least 14.49998pt.
We now make it that large for the rest of the document.
This may cause the page layout to be inconsistent, however.

[2

]
Package hyperref Info: bookmark level for unknown definition defaults to 0 on input line 2.
Package hyperref Info: bookmark level for unknown remark defaults to 0 on input line 6.
Package hyperref Info: bookmark level for unknown proposition defaults to 0 on input line 17.
LaTeX Font Info:    Trying to load font information for U+euf on input line 20.
 (/usr/local/texlive/2019/texmf-dist/tex/latex/amsfonts/ueuf.fd
File: ueuf.fd 2013/01/14 v3.01 Euler Fraktur
)
Overfull \hbox (9.96143pt too wide) in paragraph at lines 19--21
[]$\OT1/cmr/m/n/12 . Then $[]$, hence $[]$, hence $[]$.
 []

[3

]
Package hyperref Info: bookmark level for unknown theorem defaults to 0 on input line 46.
Package hyperref Info: bookmark level for unknown corollary defaults to 0 on input line 70.
 [4]
Overfull \hbox (22.45988pt too wide) in paragraph at lines 90--91
[]\OT1/cmr/m/n/12 A topo-log-i-cal space is called \OT1/cmr/m/it/12 noethe-rian \OT1/cmr/m/n/12 if ev-ery de-scend-ing chain:$\OML/cmm/m/it/12 X \OMS/cmsy/m/n/12 ^^[
 []

[5]
Package hyperref Info: bookmark level for unknown example defaults to 0 on input line 138.
 [6] [7]
Overfull \hbox (30.34787pt too wide) in paragraph at lines 163--164
[]\OT1/cmr/m/it/12 Let $\U/euf/m/n/12 a \U/msb/m/n/12 $ \OML/cmm/m/it/12 k\OT1/cmr/m/n/12 [\OML/cmm/m/it/12 x[]; []  ; x[]\OT1/cmr/m/n/12 ]$
 []


Overfull \hbox (38.78339pt too wide) in paragraph at lines 200--203
\OT1/cmr/m/n/12 Now we prove the Null-stel-len-satz: \OT1/cmr/m/it/12 Proof\OT1/cmr/m/n/12 .[Proof of Null-stel-len-satz] Let $\U/euf/m/n/12 a \OT1/cmr/m/n/12 = \OMS/cmsy/m/n/12 h\OML/cmm/m/it/12 f[]; []  ; f[]\OMS/cmsy/m/n/12 i\OML/cmm/m/it/12 ; f[] \OMS/cmsy/m/n/12 2
 []

[8

] [9]
Overfull \hbox (6.55266pt too wide) in paragraph at lines 262--263
[]\OT1/cmr/m/n/12 Let $\OML/cmm/m/it/12 U[] \OT1/cmr/m/n/12 := \OMS/cmsy/m/n/12 f\OT1/cmr/m/n/12 [\OML/cmm/m/it/12 a[]; []  ; a[]\OT1/cmr/m/n/12 ] \OMS/cmsy/m/n/12 2 \U/msb/m/n/12 P[]\OMS/cmsy/m/n/12 j\OML/cmm/m/it/12 a[] \OMS/cmsy/m/n/12 6\OT1/cmr/m/n/12 = 0\OMS/cmsy/m/n/12 g$\OT1/cmr/m/n/12 . $\OML/cmm/m/it/12 '[] \OT1/cmr/m/n/12 : \OML/cmm/m/it/12 U[] \OMS/cmsy/m/n/12 ! \U/msb/m/n/12 A[]$\OT1/cmr/m/n/12 , $[\OML/cmm/m/it/12 a[]; []  ; a[]\OT1/cmr/m/n/12 ] \OMS/cmsy/m/n/12 !
 []


Overfull \hbox (7.93127pt too wide) in paragraph at lines 262--263
\OT1/cmr/m/n/12 ([]\OML/cmm/m/it/12 ; []  ; []; []  ; []\OT1/cmr/m/n/12 )$ is a pro-jec-tion, write in-verse $\OML/cmm/m/it/12 u[] \OT1/cmr/m/n/12 : \U/msb/m/n/12 A[] \OMS/cmsy/m/n/12 ! \OML/cmm/m/it/12 U[]$\OT1/cmr/m/n/12 , $(\OML/cmm/m/it/12 b[]; []  ; []; []  ; b[]\OT1/cmr/m/n/12 ) \OMS/cmsy/m/n/12 !
 []


Overfull \hbox (6.95947pt too wide) in paragraph at lines 264--265
[]\OT1/cmr/m/n/12 Usually we fix $\OML/cmm/m/it/12 i \OT1/cmr/m/n/12 = 0$, view $\U/msb/m/n/12 A[]$ \OT1/cmr/m/n/12 as a sub-set of $\U/msb/m/n/12 P[]$ \OT1/cmr/m/n/12 by iden-tify the point $(\OML/cmm/m/it/12 a[]; []  ; a[]\OT1/cmr/m/n/12 ) \OMS/cmsy/m/n/12 2
 []


Overfull \hbox (16.87373pt too wide) in paragraph at lines 271--272
[]\OT1/cmr/m/n/12 Define pro-jec-tive al-ge-braic sets are zero sets of poly-no-mi-als in $\OML/cmm/m/it/12 k\OT1/cmr/m/n/12 [\OML/cmm/m/it/12 x[]; []  ; x[]\OT1/cmr/m/n/12 ]$,
 []

[10

] [11] [12]
Package hyperref Info: bookmark level for unknown lemma defaults to 0 on input line 396.
 [13

]
Overfull \hbox (19.79414pt too wide) in paragraph at lines 428--429
[]$\OMS/cmsy/m/n/12 h\OML/cmm/m/it/12 x[]; []  ; x[]\OMS/cmsy/m/n/12 i$ \OT1/cmr/m/n/12 is called the ir-rel-e-vant ideal, an ideal dif-fer-ent from $\OMS/cmsy/m/n/12 h\OML/cmm/m/it/12 x[]; []  ; x[]\OMS/cmsy/m/n/12 i$
 []

[14]
LaTeX Font Info:    Trying to load font information for OMS+cmr on input line 470.
 (/usr/local/texlive/2019/texmf-dist/tex/latex/base/omscmr.fd
File: omscmr.fd 2014/09/29 v2.5h Standard LaTeX font definitions
)
LaTeX Font Info:    Font shape `OMS/cmr/m/n' in size <12> not available
(Font)              Font shape `OMS/cmsy/m/n' tried instead on input line 470.
 [15

] [16] [17] [18] [19] [20] [21] [22] [23

] [24] [25] [26]
Package hyperref Info: bookmark level for unknown proofofproductsofaffinevarieties defaults to 0 on input line 906.
 [27

] [28] [29] [30] [31]
Overfull \hbox (14.47314pt too wide) detected at line 1091
[]
 []

[32] [33] [34]
Overfull \hbox (5.24431pt too wide) in paragraph at lines 1219--1220
[]\OT1/cmr/m/n/12 Given fixed in-te-ger $\OML/cmm/m/it/12 d; n > \OT1/cmr/m/n/12 0$ and $\OML/cmm/m/it/12 N \OT1/cmr/m/n/12 :=
 []

[35]
Overfull \hbox (2.66722pt too wide) in paragraph at lines 1260--1261
[]\OT1/cmr/m/n/12 Let $\OML/cmm/m/it/12 F \OT1/cmr/m/n/12 = [] \OML/cmm/m/it/12 a[]M[]$ \OT1/cmr/m/n/12 be a ho-mo-ge-neous poly-no-mial of de-gree $\OML/cmm/m/it/12 d$ \OT1/cmr/m/n/12 in $\OML/cmm/m/it/12 x[]; []  ; x[]$\OT1/cmr/m/n/12 ,
 []

[36] [37] [38

] [39] [40]
LaTeX Font Info:    Font shape `U/lasy/b/n' in size <8> not available
(Font)              Font shape `U/lasy/m/n' tried instead on input line 1384.
LaTeX Font Info:    Font shape `U/lasy/b/n' in size <6> not available
(Font)              Font shape `U/lasy/m/n' tried instead on input line 1384.

Overfull \hbox (2.72937pt too wide) in paragraph at lines 1392--1393
[]\OT1/cmr/m/n/12 An $\OML/cmm/m/it/12 R$\OT1/cmr/m/n/12 -module $\OML/cmm/m/it/12 B$ \OT1/cmr/m/n/12 is called \OT1/cmr/m/it/12 finitely
 []

[41

] [42]
Overfull \hbox (1.00446pt too wide) in paragraph at lines 1464--1466
\OT1/cmr/m/n/12 be a co-nan-i-cal map, then it is sur-jec-tive. So $\OML/cmm/m/it/12 ^^Y[]\OT1/cmr/m/n/12 (\OML/cmm/m/it/12 I\OT1/cmr/m/n/12 )$ is a proper ideal in $\OML/cmm/m/it/12 k\OT1/cmr/m/n/12 [\OML/cmm/m/it/12 x[]; []  ; x[]\OT1/cmr/m/n/12 ]$.
 []

[43] [44] [45

]
Overfull \hbox (2.35165pt too wide) in paragraph at lines 1550--1552
\OT1/cmr/m/n/12 with $\OML/cmm/m/it/12 a[] \OMS/cmsy/m/n/12 2 \OML/cmm/m/it/12 A\OT1/cmr/m/n/12 (\OML/cmm/m/it/12 Y\OT1/cmr/m/n/12 )$. Take the one with the small-est de-gree $\OML/cmm/m/it/12 n$\OT1/cmr/m/n/12 , then $\OML/cmm/m/it/12 '[]\OT1/cmr/m/n/12 (\OML/cmm/m/it/12 a[]\OT1/cmr/m/n/12 ) \OMS/cmsy/m/n/12 6\OT1/cmr/m/n/12 = 0$(otherwise
 []

[46] [47

] [48] [49]
Overfull \hbox (6.58344pt too wide) in paragraph at lines 1661--1662
\OML/cmm/m/it/12 Z\OT1/cmr/m/n/12 (\OML/cmm/m/it/12 F\OT1/cmr/m/n/12 (1\OML/cmm/m/it/12 ; x[]; []  ; x[]\OT1/cmr/m/n/12 ))$. It has di-men-sion $\OML/cmm/m/it/12 n \OMS/cmsy/m/n/12 ^^@ \OT1/cmr/m/n/12 1$ and is open in $\OML/cmm/m/it/12 Z\OT1/cmr/m/n/12 (\OML/cmm/m/it/12 F\OT1/cmr/m/n/12 )$, so $[]\OML/cmm/m/it/12 Z\OT1/cmr/m/n/12 (\OML/cmm/m/it/12 F\OT1/cmr/m/n/12 ) =
 []

[50] [51]
Overfull \hbox (27.75041pt too wide) in paragraph at lines 1738--1739
[]
 []

[52]
Overfull \hbox (3.78879pt too wide) in paragraph at lines 1768--1769
[]\OT1/cmr/m/it/12 Let $\OML/cmm/m/it/12 k$ \OT1/cmr/m/it/12 be a field of char-
 []


Overfull \hbox (4.29004pt too wide) in paragraph at lines 1777--1778
\OML/cmm/m/it/12 Q\OT1/cmr/m/n/12 (\OML/cmm/m/it/12 k\OT1/cmr/m/n/12 [\OML/cmm/m/it/12 x[]; []  ; x[]; x\OT1/cmr/m/n/12 ]\OML/cmm/m/it/12 =\OMS/cmsy/m/n/12 h\OML/cmm/m/it/12 f\OMS/cmsy/m/n/12 i\OT1/cmr/m/n/12 ) \OMS/cmsy/m/n/12 ' \OML/cmm/m/it/12 Q\OT1/cmr/m/n/12 (\OML/cmm/m/it/12 k\OT1/cmr/m/n/12 [\OML/cmm/m/it/12 a[]; []  ; a[]; x\OT1/cmr/m/n/12 ]\OML/cmm/m/it/12 =\OMS/cmsy/m/n/12 h\OML/cmm/m/it/12 f\OT1/cmr/m/n/12 (\OML/cmm/m/it/12 x\OT1/cmr/m/n/12 )\OMS/cmsy/m/n/12 i\OT1/cmr/m/n/12 )$ $\OMS/cmsy/m/n/12 ' \OML/cmm/m/it/12 k\OT1/cmr/m/n/12 (\OML/cmm/m/it/12 a[]; []  ; a[]\OT1/cmr/m/n/12 )[\OML/cmm/m/it/12 x\OT1/cmr/m/n/12 ]\OML/cmm/m/it/12 =\OMS/cmsy/m/n/12 h\OML/cmm/m/it/12 f\OMS/cmsy/m/n/12 i$ $' \OML/cmm/m/it/12 k\OT1/cmr/m/n/12 (\OML/cmm/m/it/12 a[];$
 []

[53] [54]
Overfull \hbox (22.78403pt too wide) in paragraph at lines 1781--1781
|[]\OT1/cmr/bx/n/17.28 Tangent Space, Sin-gu-lar and Non-sin-gu-lar Points| 
 []

[55

]
Overfull \hbox (57.77931pt too wide) in paragraph at lines 1852--1853
\OT1/cmr/m/it/12 One can ver-ify that $\OT1/cmr/m/n/12 d[]\OML/cmm/m/it/12 '$ \OT1/cmr/m/it/12 maps $\OML/cmm/m/it/12 T[]\OT1/cmr/m/n/12 (\OML/cmm/m/it/12 X\OT1/cmr/m/n/12 )$ \OT1/cmr/m/it/12 into $\OML/cmm/m/it/12 T[]\OT1/cmr/m/n/12 (\OML/cmm/m/it/12 Y\OT1/cmr/m/n/12 )$\OT1/cmr/m/it/12 . We can write $\OML/cmm/m/it/12 T[]\OT1/cmr/m/n/12 (\OML/cmm/m/it/12 X\OT1/cmr/m/n/12 ) = [](\OML/cmm/m/it/12 J\OT1/cmr/m/n/12 (\OML/cmm/m/it/12 f[]; []  ; f[]\OT1/cmr/m/n/12 )(\OML/cmm/m/it/12 p\OT1/cmr/m/n/12 ))$\OT1/cmr/m/it/12 .
 []

[56] [57] [58] [59] [60]
Package hyperref Info: bookmark level for unknown exercise defaults to 0 on input line 2036.
 [61] [62] [63] [64

] [65] [66])
\tf@thm=\write5
\openout5 = `algebraic_geometry_1.thm'.

Package atveryend Info: Empty hook `BeforeClearDocument' on input line 61.
 [67]
Package atveryend Info: Empty hook `AfterLastShipout' on input line 61.
 (./algebraic_geometry_1.aux)
Package atveryend Info: Executing hook `AtVeryEndDocument' on input line 61.
Package atveryend Info: Executing hook `AtEndAfterFileList' on input line 61.
Package rerunfilecheck Info: File `algebraic_geometry_1.out' has not changed.
(rerunfilecheck)             Checksum: E84A723F1BB82637F39A3DACBD3EE5DF;818.


LaTeX Warning: There were multiply-defined labels.

Package atveryend Info: Empty hook `AtVeryVeryEnd' on input line 61.
 ) 
Here is how much of TeX's memory you used:
 8180 strings out of 492167
 114273 string characters out of 6125373
 219339 words of memory out of 5000000
 11945 multiletter control sequences out of 15000+600000
 17356 words of font info for 69 fonts, out of 8000000 for 9000
 1141 hyphenation exceptions out of 8191
 31i,16n,45p,1334b,498s stack positions out of 5000i,500n,10000p,200000b,80000s
</usr/local/texlive/2019/texmf-dist/fonts/type1/public/amsfonts/cm/cmbx12.pfb></usr/local/texlive/2019/texmf-dist/fonts/type1/public/amsfonts/cm/cmex10.pfb></usr/local/texlive/2019/texmf-dist/fonts/type1/public/amsfonts/cm/cmmi12.pfb></usr/local/texlive/2019/texmf-dist/fonts/type1/public/amsfonts/cm/cmmi6.pfb></usr/local/texlive/2019/texmf-dist/fonts/type1/public/amsfonts/cm/cmmi8.pfb></usr/local/texlive/2019/texmf-dist/fonts/type1/public/amsfonts/cm/cmmib10.pfb></usr/local/texlive/2019/texmf-dist/fonts/type1/public/amsfonts/cm/cmr10.pfb></usr/local/texlive/2019/texmf-dist/fonts/type1/public/amsfonts/cm/cmr12.pfb></usr/local/texlive/2019/texmf-dist/fonts/type1/public/amsfonts/cm/cmr17.pfb></usr/local/texlive/2019/texmf-dist/fonts/type1/public/amsfonts/cm/cmr6.pfb></usr/local/texlive/2019/texmf-dist/fonts/type1/public/amsfonts/cm/cmr8.pfb></usr/local/texlive/2019/texmf-dist/fonts/type1/public/amsfonts/cm/cmsy10.pfb></usr/local/texlive/2019/texmf-dist/fonts/type1/public/amsfonts/cm/cmsy6.pfb></usr/local/texlive/2019/texmf-dist/fonts/type1/public/amsfonts/cm/cmsy8.pfb></usr/local/texlive/2019/texmf-dist/fonts/type1/public/amsfonts/cm/cmti12.pfb></usr/local/texlive/2019/texmf-dist/fonts/type1/public/amsfonts/euler/eufm10.pfb></usr/local/texlive/2019/texmf-dist/fonts/type1/public/amsfonts/symbols/msam10.pfb></usr/local/texlive/2019/texmf-dist/fonts/type1/public/amsfonts/symbols/msbm10.pfb>
Output written on algebraic_geometry_1.pdf (67 pages, 435945 bytes).
PDF statistics:
 984 PDF objects out of 1000 (max. 8388607)
 888 compressed objects within 9 object streams
 492 named destinations out of 1000 (max. 500000)
 105 words of extra memory for PDF output out of 10000 (max. 10000000)

